{
  "RSpec": {
    "coverage": {
      "/Users/mauriciokj/projetos/Prevision/semaforo/lib/traffic_light_state.rb": {
        "lines": [
          null,
          null,
          1,
          null,
          null,
          null,
          null,
          null,
          null,
          null,
          1,
          1,
          null,
          1,
          85,
          null,
          79,
          79,
          79,
          null,
          79,
          null,
          null,
          1,
          null,
          null,
          1,
          85,
          83,
          81,
          null,
          null,
          null
        ]
      },
      "/Users/mauriciokj/projetos/Prevision/semaforo/lib/traffic_light_configuration.rb": {
        "lines": [
          null,
          null,
          1,
          null,
          1,
          null,
          null,
          null,
          null,
          null,
          1,
          null,
          1,
          null,
          null,
          null,
          null,
          null,
          1,
          10,
          null,
          null,
          null,
          1,
          10,
          null,
          null,
          null
        ]
      },
      "/Users/mauriciokj/projetos/Prevision/semaforo/lib/traffic_light.rb": {
        "lines": [
          null,
          null,
          1,
          1,
          1,
          null,
          1,
          null,
          null,
          null,
          null,
          null,
          null,
          1,
          1,
          null,
          1,
          null,
          null,
          1,
          null,
          1,
          25,
          25,
          25,
          25,
          null,
          null,
          null,
          1,
          16,
          16,
          null,
          null,
          null,
          1,
          1,
          1,
          null,
          null,
          null,
          1,
          5,
          null,
          null,
          null,
          1,
          2,
          2,
          null,
          null,
          1,
          null,
          null,
          1,
          16,
          null,
          null,
          null
        ]
      },
      "/Users/mauriciokj/projetos/Prevision/semaforo/lib/traffic_light_controller.rb": {
        "lines": [
          null,
          null,
          1,
          null,
          1,
          null,
          null,
          null,
          null,
          null,
          null,
          1,
          1,
          null,
          1,
          13,
          13,
          13,
          null,
          null,
          null,
          1,
          4,
          4,
          null,
          null,
          null,
          1,
          2,
          null,
          null,
          null,
          1,
          8,
          null,
          null,
          1,
          null,
          null,
          1,
          4,
          3,
          3,
          null,
          null,
          null,
          null,
          null,
          1,
          3,
          3,
          3,
          null,
          3,
          4,
          null,
          4,
          4,
          null,
          null,
          null,
          null,
          1,
          3,
          null,
          null,
          null,
          1,
          5,
          null,
          null,
          null
        ]
      },
      "/Users/mauriciokj/projetos/Prevision/semaforo/semaforo.rb": {
        "lines": [
          null,
          null,
          null,
          1,
          null,
          null,
          null,
          null,
          null,
          null,
          null,
          1,
          1,
          1,
          4,
          null,
          null,
          null,
          4,
          1,
          1,
          1,
          null,
          null,
          4,
          4,
          null,
          null,
          null,
          null,
          null,
          null,
          1
        ]
      }
    },
    "timestamp": 1762633472
  }
}
